<?xml version="1.0" encoding="utf-8"?>
<TestRun id="e9aa3895-1699-4cbb-92f4-ff6faff487cf" name="jakob@YGGDRASIL 2025-01-11 12:57:30" runUser="YGGDRASIL\jakob" xmlns="http://microsoft.com/schemas/VisualStudio/TeamTest/2010">
  <Times creation="2025-01-11T12:57:30.6193092+01:00" queuing="2025-01-11T12:57:30.6193094+01:00" start="2025-01-11T12:57:29.0674035+01:00" finish="2025-01-11T12:57:30.6564824+01:00" />
  <TestSettings name="default" id="153b1995-9bdd-45a2-8071-0607558cf4e5">
    <Deployment runDeploymentRoot="jakob_YGGDRASIL_2025-01-11_12_57_30" />
  </TestSettings>
  <Results>
    <UnitTestResult executionId="697acd05-45db-4619-bc7c-aecb153d1d2e" testId="a6a4472b-9e15-7b40-de2f-3e6e828b1bde" testName="isWord Beispiele" computerName="YGGDRASIL" duration="00:00:00.1383820" startTime="2025-01-11T12:57:29.5285283+01:00" endTime="2025-01-11T12:57:29.6864101+01:00" testType="13cdc9d9-ddb5-4fa4-a97d-d965ccfc6d4b" outcome="Passed" testListId="8c84fa94-04c1-424b-9868-57a2d4851a1d" relativeResultsDirectory="697acd05-45db-4619-bc7c-aecb153d1d2e" />
    <UnitTestResult executionId="b121df9d-c83b-4928-9be7-4c2e2cb706de" testId="cdbc2074-06c2-e484-7bb3-d49aa70abd0b" testName="reduce Beispiele" computerName="YGGDRASIL" duration="00:00:00.0233632" startTime="2025-01-11T12:57:30.4169783+01:00" endTime="2025-01-11T12:57:30.4404844+01:00" testType="13cdc9d9-ddb5-4fa4-a97d-d965ccfc6d4b" outcome="Failed" testListId="8c84fa94-04c1-424b-9868-57a2d4851a1d" relativeResultsDirectory="b121df9d-c83b-4928-9be7-4c2e2cb706de">
      <Output>
        <ErrorInfo>
          <Message>Test method Tests+Tests.reduce Beispiele threw exception: &#xD;
Swensen.Unquote.AssertionFailedException: Test failed:&#xD;
&#xD;
Set.ofList (Reduktionssemantik.reduce self.ex4 1N) = Set.ofList [self.ex4; Lit('a'); Lit('b')]&#xD;
Set.ofList (Reduktionssemantik.reduce Tests+Tests.ex4 1N) = Set.ofList [Tests+Tests.ex4; Lit('a'); Lit('b')]&#xD;
Set.ofList (Reduktionssemantik.reduce Or (Lit 'a', Lit 'b') 1N) = Set.ofList [Or (Lit 'a', Lit 'b'); Lit('a'); Lit('b')]&#xD;
Set.ofList [Or (Lit 'a', Lit 'b')] = set [Lit 'a'; Lit 'b'; Or (Lit 'a', Lit 'b')]&#xD;
set [Or (Lit 'a', Lit 'b')] = set [Lit 'a'; Lit 'b'; Or (Lit 'a', Lit 'b')]&#xD;
false&#xD;
</Message>
          <StackTrace>    at Tests.Tests.reduce Beispiele() in D:\Bachelorarbeit\24-ba-jakob-meyerhoefer\advanced-assert\Tests.fs:line 161&#xD;
   at System.RuntimeMethodHandle.InvokeMethod(Object target, Void** arguments, Signature sig, Boolean isConstructor)&#xD;
   at System.Reflection.MethodBaseInvoker.InvokeWithNoArgs(Object obj, BindingFlags invokeAttr)&#xD;
</StackTrace>
        </ErrorInfo>
      </Output>
    </UnitTestResult>
    <UnitTestResult executionId="3e693a29-6844-4a52-828e-99d1a391bc18" testId="5c2d5964-347c-8b96-6400-407dfcc567e4" testName="isWord Zufall" computerName="YGGDRASIL" duration="00:00:00.5727805" startTime="2025-01-11T12:57:29.6912689+01:00" endTime="2025-01-11T12:57:30.2642881+01:00" testType="13cdc9d9-ddb5-4fa4-a97d-d965ccfc6d4b" outcome="Passed" testListId="8c84fa94-04c1-424b-9868-57a2d4851a1d" relativeResultsDirectory="3e693a29-6844-4a52-828e-99d1a391bc18">
      <Output>
        <StdOut>Ok, passed 1000 tests.</StdOut>
      </Output>
    </UnitTestResult>
    <UnitTestResult executionId="dd234bd8-8f8c-410d-96e8-fc7f117819d8" testId="3d2428f8-77de-601f-b63e-78e7eadba545" testName="generates Beispiele" computerName="YGGDRASIL" duration="00:00:00.0144012" startTime="2025-01-11T12:57:30.5091671+01:00" endTime="2025-01-11T12:57:30.5236974+01:00" testType="13cdc9d9-ddb5-4fa4-a97d-d965ccfc6d4b" outcome="Failed" testListId="8c84fa94-04c1-424b-9868-57a2d4851a1d" relativeResultsDirectory="dd234bd8-8f8c-410d-96e8-fc7f117819d8">
      <Output>
        <ErrorInfo>
          <Message>Test method Tests+Tests.generates Beispiele threw exception: &#xD;
Swensen.Unquote.AssertionFailedException: Test failed:&#xD;
&#xD;
Reduktionssemantik.generates self.ex4 ['a'] 1N&#xD;
Reduktionssemantik.generates Tests+Tests.ex4 ['a'] 1N&#xD;
Reduktionssemantik.generates Or (Lit 'a', Lit 'b') ['a'] 1N&#xD;
false&#xD;
</Message>
          <StackTrace>    at Tests.Tests.generates Beispiele() in D:\Bachelorarbeit\24-ba-jakob-meyerhoefer\advanced-assert\Tests.fs:line 224&#xD;
   at System.RuntimeMethodHandle.InvokeMethod(Object target, Void** arguments, Signature sig, Boolean isConstructor)&#xD;
   at System.Reflection.MethodBaseInvoker.InvokeWithNoArgs(Object obj, BindingFlags invokeAttr)&#xD;
</StackTrace>
        </ErrorInfo>
      </Output>
    </UnitTestResult>
    <UnitTestResult executionId="87013c79-5afb-4a9f-9410-948cdc3cad0e" testId="b4ba83d7-dcbd-c519-e08e-6d82d3f9f262" testName="reduce Zufall" computerName="YGGDRASIL" duration="00:00:00.0384574" startTime="2025-01-11T12:57:30.4405612+01:00" endTime="2025-01-11T12:57:30.4791614+01:00" testType="13cdc9d9-ddb5-4fa4-a97d-d965ccfc6d4b" outcome="Failed" testListId="8c84fa94-04c1-424b-9868-57a2d4851a1d" relativeResultsDirectory="87013c79-5afb-4a9f-9410-948cdc3cad0e">
      <Output>
        <StdOut>=================== COMPACT TEST RESULT ===================&#xD;
&#xD;
\ud83d\udd27 Method Name:      reduce&#xD;
\ud83d\udd24 Input(s):         Or (Eps, Empty); 1N&#xD;
\ud83c\udfaf Expected Result:  set [Eps; Empty; Or (Eps, Empty)]&#xD;
❌ Actual Result:    set [Or (Eps, Empty)]&#xD;
&#xD;
=========================== END ===========================</StdOut>
        <ErrorInfo>
          <Message>Test method Tests+Tests.reduce Zufall threw exception: &#xD;
System.Exception: Falsifiable, after 29 tests (0 shrinks) (StdGen (1992688484, 297428107)):&#xD;
Original:&#xD;
(SOr (SEps, SEmpty), SmallNat 1N)&#xD;
with exception:&#xD;
Microsoft.VisualStudio.TestTools.UnitTesting.AssertFailedException: Assert.AreEqual failed. Expected:&lt;set [Eps; Empty; Or (Eps, Empty)]&gt;. Actual:&lt;set [Or (Eps, Empty)]&gt;. &#xD;
   at Microsoft.VisualStudio.TestTools.UnitTesting.Assert.ThrowAssertFailed(String assertionName, String message) in /_/src/TestFramework/TestFramework/Assertions/Assert.cs:line 60&#xD;
   at Microsoft.VisualStudio.TestTools.UnitTesting.Assert.AreEqual[T](T expected, T actual, IEqualityComparer`1 comparer, String message, Object[] parameters) in /_/src/TestFramework/TestFramework/Assertions/Assert.AreEqual.cs:line 201&#xD;
   at Microsoft.VisualStudio.TestTools.UnitTesting.Assert.AreEqual[T](T expected, T actual) in /_/src/TestFramework/TestFramework/Assertions/Assert.AreEqual.cs:line 34&#xD;
   at AdvancedAssert.AdvancedAssert.AreEqual[T](String methodName, Object[] input, T expected, T actual) in D:\Bachelorarbeit\24-ba-jakob-meyerhoefer\advanced-assert\AdvancedAssert.fs:line 34&#xD;
   at Tests.reduce Zufall@174.Invoke(Tuple`2 tupledArg) in D:\Bachelorarbeit\24-ba-jakob-meyerhoefer\advanced-assert\Tests.fs:line 176&#xD;
   at FsCheck.Testable.evaluate[a,b](FSharpFunc`2 body, a a)&#xD;
</Message>
          <StackTrace>    at Microsoft.FSharp.Core.PrintfModule.PrintFormatToStringThenFail@1448.Invoke(String message)&#xD;
   at &lt;StartupCode$FsCheck&gt;.$Runner.get_throwingRunner@382.FsCheck.IRunner.OnFinished(String name, TestResult testResult)&#xD;
   at FsCheck.Runner.runner[a](Config config, a prop)&#xD;
   at FsCheck.Runner.check[a](Config config, a p)&#xD;
   at FsCheck.Check.One[Testable](Config config, Testable property)&#xD;
   at Tests.Tests.reduce Zufall() in D:\Bachelorarbeit\24-ba-jakob-meyerhoefer\advanced-assert\Tests.fs:line 172&#xD;
   at System.RuntimeMethodHandle.InvokeMethod(Object target, Void** arguments, Signature sig, Boolean isConstructor)&#xD;
   at System.Reflection.MethodBaseInvoker.InvokeWithNoArgs(Object obj, BindingFlags invokeAttr)&#xD;
</StackTrace>
        </ErrorInfo>
      </Output>
    </UnitTestResult>
    <UnitTestResult executionId="df488457-d4e7-4f6a-8385-5a2d31f99d20" testId="3c121bd7-ae91-8f08-204d-8b5e45869345" testName="words Beispiele" computerName="YGGDRASIL" duration="00:00:00.0125461" startTime="2025-01-11T12:57:30.4792542+01:00" endTime="2025-01-11T12:57:30.4919682+01:00" testType="13cdc9d9-ddb5-4fa4-a97d-d965ccfc6d4b" outcome="Failed" testListId="8c84fa94-04c1-424b-9868-57a2d4851a1d" relativeResultsDirectory="df488457-d4e7-4f6a-8385-5a2d31f99d20">
      <Output>
        <ErrorInfo>
          <Message>Test method Tests+Tests.words Beispiele threw exception: &#xD;
Swensen.Unquote.AssertionFailedException: Test failed:&#xD;
&#xD;
Set.ofList (Reduktionssemantik.words self.ex4 1N) = Set.ofList [['a']; ['b']]&#xD;
Set.ofList (Reduktionssemantik.words Tests+Tests.ex4 1N) = set [['a']; ['b']]&#xD;
Set.ofList (Reduktionssemantik.words Or (Lit 'a', Lit 'b') 1N) = set [['a']; ['b']]&#xD;
Set.ofList [] = set [['a']; ['b']]&#xD;
set [] = set [['a']; ['b']]&#xD;
false&#xD;
</Message>
          <StackTrace>    at Tests.Tests.words Beispiele() in D:\Bachelorarbeit\24-ba-jakob-meyerhoefer\advanced-assert\Tests.fs:line 191&#xD;
   at System.RuntimeMethodHandle.InvokeMethod(Object target, Void** arguments, Signature sig, Boolean isConstructor)&#xD;
   at System.Reflection.MethodBaseInvoker.InvokeWithNoArgs(Object obj, BindingFlags invokeAttr)&#xD;
</StackTrace>
        </ErrorInfo>
      </Output>
    </UnitTestResult>
    <UnitTestResult executionId="42f8e1cc-8c5a-44a1-b198-9358846594f1" testId="6ae8c64b-dc29-4478-974c-2438b9ec8e15" testName="reduceStep Zufall" computerName="YGGDRASIL" duration="00:00:00.0672142" startTime="2025-01-11T12:57:30.3495444+01:00" endTime="2025-01-11T12:57:30.4169030+01:00" testType="13cdc9d9-ddb5-4fa4-a97d-d965ccfc6d4b" outcome="Failed" testListId="8c84fa94-04c1-424b-9868-57a2d4851a1d" relativeResultsDirectory="42f8e1cc-8c5a-44a1-b198-9358846594f1">
      <Output>
        <StdOut>=================== COMPACT TEST RESULT ===================&#xD;
&#xD;
\ud83d\udd27 Method Name:      reduceStep&#xD;
\ud83d\udd24 Input(s):         Star Empty&#xD;
\ud83c\udfaf Expected Result:  set [Eps; Cat (Empty, Star Empty)]&#xD;
❌ Actual Result:    set [Cat (Empty, Star Empty); Empty]&#xD;
&#xD;
=========================== END ===========================</StdOut>
        <ErrorInfo>
          <Message>Test method Tests+Tests.reduceStep Zufall threw exception: &#xD;
System.Exception: Falsifiable, after 2 tests (0 shrinks) (StdGen (1991738615, 297428107)):&#xD;
Original:&#xD;
SStar SEmpty&#xD;
with exception:&#xD;
Microsoft.VisualStudio.TestTools.UnitTesting.AssertFailedException: Assert.AreEqual failed. Expected:&lt;set [Eps; Cat (Empty, Star Empty)]&gt;. Actual:&lt;set [Cat (Empty, Star Empty); Empty]&gt;. &#xD;
   at Microsoft.VisualStudio.TestTools.UnitTesting.Assert.ThrowAssertFailed(String assertionName, String message) in /_/src/TestFramework/TestFramework/Assertions/Assert.cs:line 60&#xD;
   at Microsoft.VisualStudio.TestTools.UnitTesting.Assert.AreEqual[T](T expected, T actual, IEqualityComparer`1 comparer, String message, Object[] parameters) in /_/src/TestFramework/TestFramework/Assertions/Assert.AreEqual.cs:line 201&#xD;
   at Microsoft.VisualStudio.TestTools.UnitTesting.Assert.AreEqual[T](T expected, T actual) in /_/src/TestFramework/TestFramework/Assertions/Assert.AreEqual.cs:line 34&#xD;
   at AdvancedAssert.AdvancedAssert.AreEqual[T](String methodName, Object[] input, T expected, T actual) in D:\Bachelorarbeit\24-ba-jakob-meyerhoefer\advanced-assert\AdvancedAssert.fs:line 34&#xD;
   at Tests.reduceStep Zufall@143.Invoke(SimpleRegExp`1 r) in D:\Bachelorarbeit\24-ba-jakob-meyerhoefer\advanced-assert\Tests.fs:line 145&#xD;
   at FsCheck.Testable.evaluate[a,b](FSharpFunc`2 body, a a)&#xD;
</Message>
          <StackTrace>    at Microsoft.FSharp.Core.PrintfModule.PrintFormatToStringThenFail@1448.Invoke(String message)&#xD;
   at &lt;StartupCode$FsCheck&gt;.$Runner.get_throwingRunner@382.FsCheck.IRunner.OnFinished(String name, TestResult testResult)&#xD;
   at FsCheck.Runner.runner[a](Config config, a prop)&#xD;
   at FsCheck.Runner.check[a](Config config, a p)&#xD;
   at FsCheck.Check.One[Testable](Config config, Testable property)&#xD;
   at Tests.Tests.reduceStep Zufall() in D:\Bachelorarbeit\24-ba-jakob-meyerhoefer\advanced-assert\Tests.fs:line 141&#xD;
   at System.RuntimeMethodHandle.InvokeMethod(Object target, Void** arguments, Signature sig, Boolean isConstructor)&#xD;
   at System.Reflection.MethodBaseInvoker.InvokeWithNoArgs(Object obj, BindingFlags invokeAttr)&#xD;
</StackTrace>
        </ErrorInfo>
      </Output>
    </UnitTestResult>
    <UnitTestResult executionId="a6cd9b81-fbe9-4faa-8e5d-7b10e42bd3e9" testId="aaf48e06-6424-7265-98c5-8268e91f46a2" testName="words Zufall" computerName="YGGDRASIL" duration="00:00:00.0169253" startTime="2025-01-11T12:57:30.4920402+01:00" endTime="2025-01-11T12:57:30.5090997+01:00" testType="13cdc9d9-ddb5-4fa4-a97d-d965ccfc6d4b" outcome="Failed" testListId="8c84fa94-04c1-424b-9868-57a2d4851a1d" relativeResultsDirectory="a6cd9b81-fbe9-4faa-8e5d-7b10e42bd3e9">
      <Output>
        <StdOut>=================== COMPACT TEST RESULT ===================&#xD;
&#xD;
\ud83d\udd27 Method Name:      words&#xD;
\ud83d\udd24 Input(s):         Or (Eps, Eps); 1N&#xD;
\ud83c\udfaf Expected Result:  set [[]]&#xD;
❌ Actual Result:    set []&#xD;
&#xD;
=========================== END ===========================</StdOut>
        <ErrorInfo>
          <Message>Test method Tests+Tests.words Zufall threw exception: &#xD;
System.Exception: Falsifiable, after 27 tests (0 shrinks) (StdGen (1993165609, 297428107)):&#xD;
Original:&#xD;
(SOr (SEps, SEps), SmallNat 1N)&#xD;
with exception:&#xD;
Microsoft.VisualStudio.TestTools.UnitTesting.AssertFailedException: Assert.AreEqual failed. Expected:&lt;set [[]]&gt;. Actual:&lt;set []&gt;. &#xD;
   at Microsoft.VisualStudio.TestTools.UnitTesting.Assert.ThrowAssertFailed(String assertionName, String message) in /_/src/TestFramework/TestFramework/Assertions/Assert.cs:line 60&#xD;
   at Microsoft.VisualStudio.TestTools.UnitTesting.Assert.AreEqual[T](T expected, T actual, IEqualityComparer`1 comparer, String message, Object[] parameters) in /_/src/TestFramework/TestFramework/Assertions/Assert.AreEqual.cs:line 201&#xD;
   at Microsoft.VisualStudio.TestTools.UnitTesting.Assert.AreEqual[T](T expected, T actual) in /_/src/TestFramework/TestFramework/Assertions/Assert.AreEqual.cs:line 34&#xD;
   at AdvancedAssert.AdvancedAssert.AreEqual[T](String methodName, Object[] input, T expected, T actual) in D:\Bachelorarbeit\24-ba-jakob-meyerhoefer\advanced-assert\AdvancedAssert.fs:line 34&#xD;
   at Tests.words Zufall@204.Invoke(Tuple`2 tupledArg) in D:\Bachelorarbeit\24-ba-jakob-meyerhoefer\advanced-assert\Tests.fs:line 206&#xD;
   at FsCheck.Testable.evaluate[a,b](FSharpFunc`2 body, a a)&#xD;
</Message>
          <StackTrace>    at Microsoft.FSharp.Core.PrintfModule.PrintFormatToStringThenFail@1448.Invoke(String message)&#xD;
   at &lt;StartupCode$FsCheck&gt;.$Runner.get_throwingRunner@382.FsCheck.IRunner.OnFinished(String name, TestResult testResult)&#xD;
   at FsCheck.Runner.runner[a](Config config, a prop)&#xD;
   at FsCheck.Runner.check[a](Config config, a p)&#xD;
   at FsCheck.Check.One[Testable](Config config, Testable property)&#xD;
   at Tests.Tests.words Zufall() in D:\Bachelorarbeit\24-ba-jakob-meyerhoefer\advanced-assert\Tests.fs:line 202&#xD;
   at System.RuntimeMethodHandle.InvokeMethod(Object target, Void** arguments, Signature sig, Boolean isConstructor)&#xD;
   at System.Reflection.MethodBaseInvoker.InvokeWithNoArgs(Object obj, BindingFlags invokeAttr)&#xD;
</StackTrace>
        </ErrorInfo>
      </Output>
    </UnitTestResult>
    <UnitTestResult executionId="24cfa303-e54e-4817-9473-2ca33b18f3cc" testId="6b19d25c-c4b6-3cf4-dc59-dcfaf80f3a95" testName="generates Zufall" computerName="YGGDRASIL" duration="00:00:00.0337590" startTime="2025-01-11T12:57:30.5606444+01:00" endTime="2025-01-11T12:57:30.5953006+01:00" testType="13cdc9d9-ddb5-4fa4-a97d-d965ccfc6d4b" outcome="Failed" testListId="8c84fa94-04c1-424b-9868-57a2d4851a1d" relativeResultsDirectory="24cfa303-e54e-4817-9473-2ca33b18f3cc">
      <Output>
        <StdOut>=================== COMPACT TEST RESULT ===================&#xD;
&#xD;
\ud83d\udd27 Method Name:      generates&#xD;
\ud83d\udd24 Input(s):         Star Empty; []; 1N&#xD;
\ud83c\udfaf Expected Result:  true&#xD;
❌ Actual Result:    false&#xD;
&#xD;
=========================== END ===========================</StdOut>
        <ErrorInfo>
          <Message>Test method Tests+Tests.generates Zufall threw exception: &#xD;
System.Exception: Falsifiable, after 58 tests (0 shrinks) (StdGen (1993863587, 297428107)):&#xD;
Original:&#xD;
(SStar SEmpty, [], SmallNat 1N)&#xD;
with exception:&#xD;
Microsoft.VisualStudio.TestTools.UnitTesting.AssertFailedException: Assert.AreEqual failed. Expected:&lt;True&gt;. Actual:&lt;False&gt;. &#xD;
   at Microsoft.VisualStudio.TestTools.UnitTesting.Assert.ThrowAssertFailed(String assertionName, String message) in /_/src/TestFramework/TestFramework/Assertions/Assert.cs:line 60&#xD;
   at Microsoft.VisualStudio.TestTools.UnitTesting.Assert.AreEqual[T](T expected, T actual, IEqualityComparer`1 comparer, String message, Object[] parameters) in /_/src/TestFramework/TestFramework/Assertions/Assert.AreEqual.cs:line 201&#xD;
   at Microsoft.VisualStudio.TestTools.UnitTesting.Assert.AreEqual[T](T expected, T actual) in /_/src/TestFramework/TestFramework/Assertions/Assert.AreEqual.cs:line 34&#xD;
   at AdvancedAssert.AdvancedAssert.AreEqual[T](String methodName, Object[] input, T expected, T actual) in D:\Bachelorarbeit\24-ba-jakob-meyerhoefer\advanced-assert\AdvancedAssert.fs:line 34&#xD;
   at Tests.generates Zufall@241.Invoke(Tuple`3 tupledArg) in D:\Bachelorarbeit\24-ba-jakob-meyerhoefer\advanced-assert\Tests.fs:line 243&#xD;
   at FsCheck.Testable.evaluate[a,b](FSharpFunc`2 body, a a)&#xD;
</Message>
          <StackTrace>    at Microsoft.FSharp.Core.PrintfModule.PrintFormatToStringThenFail@1448.Invoke(String message)&#xD;
   at &lt;StartupCode$FsCheck&gt;.$Runner.get_throwingRunner@382.FsCheck.IRunner.OnFinished(String name, TestResult testResult)&#xD;
   at FsCheck.Runner.runner[a](Config config, a prop)&#xD;
   at FsCheck.Runner.check[a](Config config, a p)&#xD;
   at FsCheck.Check.One[Testable](Config config, Testable property)&#xD;
   at Tests.Tests.generates Zufall() in D:\Bachelorarbeit\24-ba-jakob-meyerhoefer\advanced-assert\Tests.fs:line 239&#xD;
   at System.RuntimeMethodHandle.InvokeMethod(Object target, Void** arguments, Signature sig, Boolean isConstructor)&#xD;
   at System.Reflection.MethodBaseInvoker.InvokeWithNoArgs(Object obj, BindingFlags invokeAttr)&#xD;
</StackTrace>
        </ErrorInfo>
      </Output>
    </UnitTestResult>
    <UnitTestResult executionId="32cdee52-0894-4ccd-ba29-bd7d546e47cf" testId="3b30f512-f88c-d4b0-11b4-c741771d7ab1" testName="reduceStep Beispiele" computerName="YGGDRASIL" duration="00:00:00.0841978" startTime="2025-01-11T12:57:30.2647606+01:00" endTime="2025-01-11T12:57:30.3494259+01:00" testType="13cdc9d9-ddb5-4fa4-a97d-d965ccfc6d4b" outcome="Failed" testListId="8c84fa94-04c1-424b-9868-57a2d4851a1d" relativeResultsDirectory="32cdee52-0894-4ccd-ba29-bd7d546e47cf">
      <Output>
        <ErrorInfo>
          <Message>Test method Tests+Tests.reduceStep Beispiele threw exception: &#xD;
Swensen.Unquote.AssertionFailedException: Test failed:&#xD;
&#xD;
Reduktionssemantik.reduceStep self.ex1 = []&#xD;
Reduktionssemantik.reduceStep Tests+Tests.ex1 = []&#xD;
Reduktionssemantik.reduceStep Cat (Lit 'a', Lit 'b') = []&#xD;
[Or (Lit 'a', Lit 'b')] = []&#xD;
false&#xD;
</Message>
          <StackTrace>    at Tests.Tests.reduceStep Beispiele() in D:\Bachelorarbeit\24-ba-jakob-meyerhoefer\advanced-assert\Tests.fs:line 133&#xD;
   at System.RuntimeMethodHandle.InvokeMethod(Object target, Void** arguments, Signature sig, Boolean isConstructor)&#xD;
   at System.Reflection.MethodBaseInvoker.InvokeWithNoArgs(Object obj, BindingFlags invokeAttr)&#xD;
</StackTrace>
        </ErrorInfo>
      </Output>
    </UnitTestResult>
  </Results>
  <TestDefinitions>
    <UnitTest name="generates Beispiele" storage="d:\bachelorarbeit\24-ba-jakob-meyerhoefer\advanced-assert\bin\debug\net8.0\advancedassert.dll" id="3d2428f8-77de-601f-b63e-78e7eadba545">
      <Execution id="dd234bd8-8f8c-410d-96e8-fc7f117819d8" />
      <TestMethod codeBase="D:\Bachelorarbeit\24-ba-jakob-meyerhoefer\advanced-assert\bin\Debug\net8.0\AdvancedAssert.dll" adapterTypeName="executor://mstestadapter/v2" className="Tests+Tests" name="generates Beispiele" />
    </UnitTest>
    <UnitTest name="generates Zufall" storage="d:\bachelorarbeit\24-ba-jakob-meyerhoefer\advanced-assert\bin\debug\net8.0\advancedassert.dll" id="6b19d25c-c4b6-3cf4-dc59-dcfaf80f3a95">
      <Execution id="24cfa303-e54e-4817-9473-2ca33b18f3cc" />
      <TestMethod codeBase="D:\Bachelorarbeit\24-ba-jakob-meyerhoefer\advanced-assert\bin\Debug\net8.0\AdvancedAssert.dll" adapterTypeName="executor://mstestadapter/v2" className="Tests+Tests" name="generates Zufall" />
    </UnitTest>
    <UnitTest name="reduce Beispiele" storage="d:\bachelorarbeit\24-ba-jakob-meyerhoefer\advanced-assert\bin\debug\net8.0\advancedassert.dll" id="cdbc2074-06c2-e484-7bb3-d49aa70abd0b">
      <Execution id="b121df9d-c83b-4928-9be7-4c2e2cb706de" />
      <TestMethod codeBase="D:\Bachelorarbeit\24-ba-jakob-meyerhoefer\advanced-assert\bin\Debug\net8.0\AdvancedAssert.dll" adapterTypeName="executor://mstestadapter/v2" className="Tests+Tests" name="reduce Beispiele" />
    </UnitTest>
    <UnitTest name="words Beispiele" storage="d:\bachelorarbeit\24-ba-jakob-meyerhoefer\advanced-assert\bin\debug\net8.0\advancedassert.dll" id="3c121bd7-ae91-8f08-204d-8b5e45869345">
      <Execution id="df488457-d4e7-4f6a-8385-5a2d31f99d20" />
      <TestMethod codeBase="D:\Bachelorarbeit\24-ba-jakob-meyerhoefer\advanced-assert\bin\Debug\net8.0\AdvancedAssert.dll" adapterTypeName="executor://mstestadapter/v2" className="Tests+Tests" name="words Beispiele" />
    </UnitTest>
    <UnitTest name="reduceStep Beispiele" storage="d:\bachelorarbeit\24-ba-jakob-meyerhoefer\advanced-assert\bin\debug\net8.0\advancedassert.dll" id="3b30f512-f88c-d4b0-11b4-c741771d7ab1">
      <Execution id="32cdee52-0894-4ccd-ba29-bd7d546e47cf" />
      <TestMethod codeBase="D:\Bachelorarbeit\24-ba-jakob-meyerhoefer\advanced-assert\bin\Debug\net8.0\AdvancedAssert.dll" adapterTypeName="executor://mstestadapter/v2" className="Tests+Tests" name="reduceStep Beispiele" />
    </UnitTest>
    <UnitTest name="isWord Zufall" storage="d:\bachelorarbeit\24-ba-jakob-meyerhoefer\advanced-assert\bin\debug\net8.0\advancedassert.dll" id="5c2d5964-347c-8b96-6400-407dfcc567e4">
      <Execution id="3e693a29-6844-4a52-828e-99d1a391bc18" />
      <TestMethod codeBase="D:\Bachelorarbeit\24-ba-jakob-meyerhoefer\advanced-assert\bin\Debug\net8.0\AdvancedAssert.dll" adapterTypeName="executor://mstestadapter/v2" className="Tests+Tests" name="isWord Zufall" />
    </UnitTest>
    <UnitTest name="words Zufall" storage="d:\bachelorarbeit\24-ba-jakob-meyerhoefer\advanced-assert\bin\debug\net8.0\advancedassert.dll" id="aaf48e06-6424-7265-98c5-8268e91f46a2">
      <Execution id="a6cd9b81-fbe9-4faa-8e5d-7b10e42bd3e9" />
      <TestMethod codeBase="D:\Bachelorarbeit\24-ba-jakob-meyerhoefer\advanced-assert\bin\Debug\net8.0\AdvancedAssert.dll" adapterTypeName="executor://mstestadapter/v2" className="Tests+Tests" name="words Zufall" />
    </UnitTest>
    <UnitTest name="reduceStep Zufall" storage="d:\bachelorarbeit\24-ba-jakob-meyerhoefer\advanced-assert\bin\debug\net8.0\advancedassert.dll" id="6ae8c64b-dc29-4478-974c-2438b9ec8e15">
      <Execution id="42f8e1cc-8c5a-44a1-b198-9358846594f1" />
      <TestMethod codeBase="D:\Bachelorarbeit\24-ba-jakob-meyerhoefer\advanced-assert\bin\Debug\net8.0\AdvancedAssert.dll" adapterTypeName="executor://mstestadapter/v2" className="Tests+Tests" name="reduceStep Zufall" />
    </UnitTest>
    <UnitTest name="isWord Beispiele" storage="d:\bachelorarbeit\24-ba-jakob-meyerhoefer\advanced-assert\bin\debug\net8.0\advancedassert.dll" id="a6a4472b-9e15-7b40-de2f-3e6e828b1bde">
      <Execution id="697acd05-45db-4619-bc7c-aecb153d1d2e" />
      <TestMethod codeBase="D:\Bachelorarbeit\24-ba-jakob-meyerhoefer\advanced-assert\bin\Debug\net8.0\AdvancedAssert.dll" adapterTypeName="executor://mstestadapter/v2" className="Tests+Tests" name="isWord Beispiele" />
    </UnitTest>
    <UnitTest name="reduce Zufall" storage="d:\bachelorarbeit\24-ba-jakob-meyerhoefer\advanced-assert\bin\debug\net8.0\advancedassert.dll" id="b4ba83d7-dcbd-c519-e08e-6d82d3f9f262">
      <Execution id="87013c79-5afb-4a9f-9410-948cdc3cad0e" />
      <TestMethod codeBase="D:\Bachelorarbeit\24-ba-jakob-meyerhoefer\advanced-assert\bin\Debug\net8.0\AdvancedAssert.dll" adapterTypeName="executor://mstestadapter/v2" className="Tests+Tests" name="reduce Zufall" />
    </UnitTest>
  </TestDefinitions>
  <TestEntries>
    <TestEntry testId="a6a4472b-9e15-7b40-de2f-3e6e828b1bde" executionId="697acd05-45db-4619-bc7c-aecb153d1d2e" testListId="8c84fa94-04c1-424b-9868-57a2d4851a1d" />
    <TestEntry testId="cdbc2074-06c2-e484-7bb3-d49aa70abd0b" executionId="b121df9d-c83b-4928-9be7-4c2e2cb706de" testListId="8c84fa94-04c1-424b-9868-57a2d4851a1d" />
    <TestEntry testId="5c2d5964-347c-8b96-6400-407dfcc567e4" executionId="3e693a29-6844-4a52-828e-99d1a391bc18" testListId="8c84fa94-04c1-424b-9868-57a2d4851a1d" />
    <TestEntry testId="3d2428f8-77de-601f-b63e-78e7eadba545" executionId="dd234bd8-8f8c-410d-96e8-fc7f117819d8" testListId="8c84fa94-04c1-424b-9868-57a2d4851a1d" />
    <TestEntry testId="b4ba83d7-dcbd-c519-e08e-6d82d3f9f262" executionId="87013c79-5afb-4a9f-9410-948cdc3cad0e" testListId="8c84fa94-04c1-424b-9868-57a2d4851a1d" />
    <TestEntry testId="3c121bd7-ae91-8f08-204d-8b5e45869345" executionId="df488457-d4e7-4f6a-8385-5a2d31f99d20" testListId="8c84fa94-04c1-424b-9868-57a2d4851a1d" />
    <TestEntry testId="6ae8c64b-dc29-4478-974c-2438b9ec8e15" executionId="42f8e1cc-8c5a-44a1-b198-9358846594f1" testListId="8c84fa94-04c1-424b-9868-57a2d4851a1d" />
    <TestEntry testId="aaf48e06-6424-7265-98c5-8268e91f46a2" executionId="a6cd9b81-fbe9-4faa-8e5d-7b10e42bd3e9" testListId="8c84fa94-04c1-424b-9868-57a2d4851a1d" />
    <TestEntry testId="6b19d25c-c4b6-3cf4-dc59-dcfaf80f3a95" executionId="24cfa303-e54e-4817-9473-2ca33b18f3cc" testListId="8c84fa94-04c1-424b-9868-57a2d4851a1d" />
    <TestEntry testId="3b30f512-f88c-d4b0-11b4-c741771d7ab1" executionId="32cdee52-0894-4ccd-ba29-bd7d546e47cf" testListId="8c84fa94-04c1-424b-9868-57a2d4851a1d" />
  </TestEntries>
  <TestLists>
    <TestList name="Results Not in a List" id="8c84fa94-04c1-424b-9868-57a2d4851a1d" />
    <TestList name="All Loaded Results" id="19431567-8539-422a-85d7-44ee4e166bda" />
  </TestLists>
  <ResultSummary outcome="Failed">
    <Counters total="10" executed="10" passed="2" failed="8" error="0" timeout="0" aborted="0" inconclusive="0" passedButRunAborted="0" notRunnable="0" notExecuted="0" disconnected="0" warning="0" completed="0" inProgress="0" pending="0" />
  </ResultSummary>
</TestRun>